2018-Jul-19 12:24:24.430566 INFO    [daemon] jyocoin v1.4.8.777 ()
2018-Jul-19 12:24:24.430697 INFO    [daemon] Module folder: ./jyocoind
2018-Jul-19 12:24:24.431233 INFO    [daemon] Initializing p2p server...
2018-Jul-19 12:24:24.431591 INFO    [node_server] Network: 47681628-e918-5842-a246-5d718f46f829
2018-Jul-19 12:24:24.431627 INFO    [node_server] Binding on 0.0.0.0:45215
2018-Jul-19 12:24:24.431675 INFO    [node_server] Net service binded on 0.0.0.0:45215
2018-Jul-19 12:24:24.431701 INFO    [node_server] Attempting to add IGD port mapping.
2018-Jul-19 12:24:28.436973 INFO    [node_server] No IGD was found.
2018-Jul-19 12:24:28.437241 INFO    [daemon] P2p server initialized OK
2018-Jul-19 12:24:28.437488 INFO    [daemon] Initializing core...
2018-Jul-19 12:24:28.438882 INFO    [Blockchain] Loading blockchain...
2018-Jul-19 12:24:28.439224 INFO    [BlockCacheSerializer] - loading block index...
2018-Jul-19 12:24:28.443033 INFO    [BlockCacheSerializer] - loading transaction map...
2018-Jul-19 12:24:28.445340 INFO    [BlockCacheSerializer] - loading spent keys...
2018-Jul-19 12:24:28.446290 INFO    [BlockCacheSerializer] - loading outputs...
2018-Jul-19 12:24:28.457547 INFO    [BlockCacheSerializer] - loading multi-signature outputs...
2018-Jul-19 12:24:28.457600 INFO    [BlockCacheSerializer] Serialization time: 18ms
2018-Jul-19 12:24:28.457665 ERROR   [Blockchain] Failed to init: genesis block mismatch. Probably you set --testnet flag with data dir with non-test blockchain or another network.
2018-Jul-19 12:24:28.457714 ERROR   [core] Failed to initialize blockchain storage
2018-Jul-19 12:24:28.457744 ERROR   [daemon] Failed to initialize core
2018-Jul-19 12:24:28.457803 INFO    [miner] Mining has been stopped, 0 finished
2018-Jul-19 12:24:47.332716 INFO    [daemon] jyocoin v1.4.8.777 ()
2018-Jul-19 12:24:47.332836 INFO    [daemon] Module folder: ./jyocoind
2018-Jul-19 12:24:47.332866 INFO    [daemon] Starting in testnet mode!
2018-Jul-19 12:24:47.333392 INFO    [daemon] Initializing p2p server...
2018-Jul-19 12:24:47.333480 INFO    [node_server] Network: 48681628-e918-5842-a246-5d718f46f829
2018-Jul-19 12:24:47.333517 INFO    [node_server] Binding on 0.0.0.0:45215
2018-Jul-19 12:24:47.333565 INFO    [node_server] Net service binded on 0.0.0.0:45215
2018-Jul-19 12:24:47.333591 INFO    [node_server] Attempting to add IGD port mapping.
2018-Jul-19 12:24:51.337785 INFO    [node_server] No IGD was found.
2018-Jul-19 12:24:51.338058 INFO    [daemon] P2p server initialized OK
2018-Jul-19 12:24:51.338296 INFO    [daemon] Initializing core...
2018-Jul-19 12:24:51.338655 INFO    [Blockchain] Loading blockchain...
2018-Jul-19 12:24:51.339009 INFO    [BlockCacheSerializer] - loading block index...
2018-Jul-19 12:24:51.339157 INFO    [BlockCacheSerializer] - loading transaction map...
2018-Jul-19 12:24:51.339296 INFO    [BlockCacheSerializer] - loading spent keys...
2018-Jul-19 12:24:51.339402 INFO    [BlockCacheSerializer] - loading outputs...
2018-Jul-19 12:24:51.339606 INFO    [BlockCacheSerializer] - loading multi-signature outputs...
2018-Jul-19 12:24:51.339724 INFO    [BlockCacheSerializer] Serialization time: 0ms
2018-Jul-19 12:24:51.339910 ERROR   [Blockchain] Failed to init: genesis block mismatch. Probably you set --testnet flag with data dir with non-test blockchain or another network.
2018-Jul-19 12:24:51.340046 ERROR   [core] Failed to initialize blockchain storage
2018-Jul-19 12:24:51.340156 ERROR   [daemon] Failed to initialize core
2018-Jul-19 12:24:51.340318 INFO    [miner] Mining has been stopped, 0 finished
2018-Jul-19 12:25:04.550468 INFO    [daemon] jyocoin v1.4.8.777 ()
2018-Jul-19 12:25:04.550578 INFO    [daemon] Module folder: ./jyocoind
2018-Jul-19 12:25:04.550610 INFO    [daemon] Starting in testnet mode!
2018-Jul-19 12:25:04.551072 INFO    [daemon] Initializing p2p server...
2018-Jul-19 12:25:04.551152 INFO    [node_server] Network: 48681628-e918-5842-a246-5d718f46f829
2018-Jul-19 12:25:04.551186 INFO    [node_server] Binding on 0.0.0.0:45215
2018-Jul-19 12:25:04.551238 INFO    [node_server] Net service binded on 0.0.0.0:45215
2018-Jul-19 12:25:04.551273 INFO    [node_server] Attempting to add IGD port mapping.
2018-Jul-19 12:25:08.556588 INFO    [node_server] No IGD was found.
2018-Jul-19 12:25:08.556844 INFO    [daemon] P2p server initialized OK
2018-Jul-19 12:25:08.557086 INFO    [daemon] Initializing core...
2018-Jul-19 12:25:08.557398 INFO    [Blockchain] Loading blockchain...
2018-Jul-19 12:25:08.557729 INFO    [BlockCacheSerializer] - loading block index...
2018-Jul-19 12:25:08.557870 INFO    [BlockCacheSerializer] - loading transaction map...
2018-Jul-19 12:25:08.558009 INFO    [BlockCacheSerializer] - loading spent keys...
2018-Jul-19 12:25:08.558113 INFO    [BlockCacheSerializer] - loading outputs...
2018-Jul-19 12:25:08.558317 INFO    [BlockCacheSerializer] - loading multi-signature outputs...
2018-Jul-19 12:25:08.558434 INFO    [BlockCacheSerializer] Serialization time: 0ms
2018-Jul-19 12:25:08.558613 ERROR   [Blockchain] Failed to init: genesis block mismatch. Probably you set --testnet flag with data dir with non-test blockchain or another network.
2018-Jul-19 12:25:08.558748 ERROR   [core] Failed to initialize blockchain storage
2018-Jul-19 12:25:08.558859 ERROR   [daemon] Failed to initialize core
2018-Jul-19 12:25:08.559021 INFO    [miner] Mining has been stopped, 0 finished
2018-Jul-19 12:28:05.163555 INFO    [daemon] jyocoin v1.4.8.777 ()
2018-Jul-19 12:28:05.163671 INFO    [daemon] Module folder: ./jyocoind
2018-Jul-19 12:28:05.164143 INFO    [daemon] Initializing p2p server...
2018-Jul-19 12:28:05.164517 INFO    [node_server] Network: 47681628-e918-5842-a246-5d718f46f829
2018-Jul-19 12:28:05.164556 INFO    [node_server] Binding on 0.0.0.0:45215
2018-Jul-19 12:28:05.164604 INFO    [node_server] Net service binded on 0.0.0.0:45215
2018-Jul-19 12:28:05.164643 INFO    [node_server] Attempting to add IGD port mapping.
2018-Jul-19 12:28:09.169871 INFO    [node_server] No IGD was found.
2018-Jul-19 12:28:09.170128 INFO    [daemon] P2p server initialized OK
2018-Jul-19 12:28:09.170362 INFO    [daemon] Initializing core...
2018-Jul-19 12:28:09.171770 INFO    [Blockchain] Loading blockchain...
2018-Jul-19 12:28:09.172111 INFO    [BlockCacheSerializer] - loading block index...
2018-Jul-19 12:28:09.175846 INFO    [BlockCacheSerializer] - loading transaction map...
2018-Jul-19 12:28:09.178109 INFO    [BlockCacheSerializer] - loading spent keys...
2018-Jul-19 12:28:09.179163 INFO    [BlockCacheSerializer] - loading outputs...
2018-Jul-19 12:28:09.190429 INFO    [BlockCacheSerializer] - loading multi-signature outputs...
2018-Jul-19 12:28:09.190482 INFO    [BlockCacheSerializer] Serialization time: 18ms
2018-Jul-19 12:28:09.190551 ERROR   [Blockchain] Failed to init: genesis block mismatch. Probably you set --testnet flag with data dir with non-test blockchain or another network.
2018-Jul-19 12:28:09.190601 ERROR   [core] Failed to initialize blockchain storage
2018-Jul-19 12:28:09.190629 ERROR   [daemon] Failed to initialize core
2018-Jul-19 12:28:09.190708 INFO    [miner] Mining has been stopped, 0 finished
2018-Jul-19 12:34:26.866044 INFO    [daemon] jyocoin v1.4.8.777 ()
2018-Jul-19 12:34:26.866186 INFO    [daemon] Module folder: ./jyocoind
2018-Jul-19 12:34:26.866782 INFO    [daemon] Initializing p2p server...
2018-Jul-19 12:34:26.866916 INFO    [node_server] Generated new peer ID: 10599550378158629114
2018-Jul-19 12:34:26.866968 INFO    [node_server] Network: 47681628-e918-5842-a246-5d718f46f829
2018-Jul-19 12:34:26.867009 INFO    [node_server] Binding on 0.0.0.0:45215
2018-Jul-19 12:34:26.867055 INFO    [node_server] Net service binded on 0.0.0.0:45215
2018-Jul-19 12:34:26.867082 INFO    [node_server] Attempting to add IGD port mapping.
2018-Jul-19 12:34:30.872260 INFO    [node_server] No IGD was found.
2018-Jul-19 12:34:30.872606 INFO    [daemon] P2p server initialized OK
2018-Jul-19 12:34:30.872802 INFO    [daemon] Initializing core...
2018-Jul-19 12:34:30.873218 INFO    [Blockchain] Blockchain not loaded, generating genesis block.
2018-Jul-19 12:34:30.895354 INFO    [Blockchain] Blockchain initialized. last block: 0, d2206.h02.m04.s30 time ago, current difficulty: 1
2018-Jul-19 12:34:30.895413 INFO    [daemon] Core initialized OK
2018-Jul-19 12:34:30.895482 INFO    [daemon] Starting core rpc server on address 127.0.0.1:45216
2018-Jul-19 12:34:30.895545 INFO    [daemon] Core rpc server started ok
2018-Jul-19 12:34:30.895576 INFO    [daemon] Starting p2p net loop...
2018-Jul-19 12:34:30.895599 INFO    [node_server] Starting node_server
2018-Jul-19 12:34:40.896410 ERROR   [node_server] Failed to connect to any of seed peers, continuing without seeds
2018-Jul-19 12:34:40.896795 INFO    [core] 
2018-Jul-19 12:34:40.896795 INFO    [core] **********************************************************************
2018-Jul-19 12:34:40.896795 INFO    [core] The daemon will start synchronizing with the network. It may take up to several hours.
2018-Jul-19 12:34:40.896795 INFO    [core] 
2018-Jul-19 12:34:40.896795 INFO    [core] You can set the level of process detailization* through "set_log <level>" command*, where <level> is between 0 (no details) and 4 (very verbose).
2018-Jul-19 12:34:40.896795 INFO    [core] 
2018-Jul-19 12:34:40.896795 INFO    [core] Use "help" command to see the list of available commands.
2018-Jul-19 12:34:40.896795 INFO    [core] 
2018-Jul-19 12:34:40.896795 INFO    [core] Note: in case you need to interrupt the process, use "exit" command. Otherwise, the current progress won't be saved.
2018-Jul-19 12:34:40.896795 INFO    [core] **********************************************************************
2018-Jul-19 12:34:52.899761 ERROR   [node_server] Failed to connect to any of seed peers, continuing without seeds
2018-Jul-19 12:35:04.901246 ERROR   [node_server] Failed to connect to any of seed peers, continuing without seeds
2018-Jul-19 12:35:16.902898 ERROR   [node_server] Failed to connect to any of seed peers, continuing without seeds
2018-Jul-19 12:35:28.904759 ERROR   [node_server] Failed to connect to any of seed peers, continuing without seeds
2018-Jul-19 12:35:40.906255 ERROR   [node_server] Failed to connect to any of seed peers, continuing without seeds
2018-Jul-19 12:35:52.907882 ERROR   [node_server] Failed to connect to any of seed peers, continuing without seeds
2018-Jul-19 12:36:04.909422 ERROR   [node_server] Failed to connect to any of seed peers, continuing without seeds
2018-Jul-19 12:36:16.910963 ERROR   [node_server] Failed to connect to any of seed peers, continuing without seeds
2018-Jul-19 12:36:28.912818 ERROR   [node_server] Failed to connect to any of seed peers, continuing without seeds
2018-Jul-19 12:36:40.914501 ERROR   [node_server] Failed to connect to any of seed peers, continuing without seeds
2018-Jul-19 12:36:52.916189 ERROR   [node_server] Failed to connect to any of seed peers, continuing without seeds
2018-Jul-19 12:37:04.917898 ERROR   [node_server] Failed to connect to any of seed peers, continuing without seeds
2018-Jul-19 12:37:16.919439 ERROR   [node_server] Failed to connect to any of seed peers, continuing without seeds
2018-Jul-19 12:37:28.921317 ERROR   [node_server] Failed to connect to any of seed peers, continuing without seeds
2018-Jul-19 12:37:40.922569 ERROR   [node_server] Failed to connect to any of seed peers, continuing without seeds
2018-Jul-19 12:37:52.924201 ERROR   [node_server] Failed to connect to any of seed peers, continuing without seeds
2018-Jul-19 12:38:04.925553 ERROR   [node_server] Failed to connect to any of seed peers, continuing without seeds
2018-Jul-19 12:38:16.927203 ERROR   [node_server] Failed to connect to any of seed peers, continuing without seeds
2018-Jul-19 12:38:28.928953 ERROR   [node_server] Failed to connect to any of seed peers, continuing without seeds
2018-Jul-19 12:38:40.930687 ERROR   [node_server] Failed to connect to any of seed peers, continuing without seeds
2018-Jul-19 12:38:52.932536 ERROR   [node_server] Failed to connect to any of seed peers, continuing without seeds
2018-Jul-19 12:39:04.934349 ERROR   [node_server] Failed to connect to any of seed peers, continuing without seeds
2018-Jul-19 12:39:16.936251 ERROR   [node_server] Failed to connect to any of seed peers, continuing without seeds
2018-Jul-19 12:39:28.937733 ERROR   [node_server] Failed to connect to any of seed peers, continuing without seeds
2018-Jul-19 12:39:40.939543 ERROR   [node_server] Failed to connect to any of seed peers, continuing without seeds
2018-Jul-19 12:39:52.941155 ERROR   [node_server] Failed to connect to any of seed peers, continuing without seeds
2018-Jul-19 12:40:04.942344 ERROR   [node_server] Failed to connect to any of seed peers, continuing without seeds
2018-Jul-19 12:40:16.943787 ERROR   [node_server] Failed to connect to any of seed peers, continuing without seeds
2018-Jul-19 12:40:28.944764 ERROR   [node_server] Failed to connect to any of seed peers, continuing without seeds
