2018-Jul-19 11:38:18.459265 INFO    [simplewallet] jyocoin wallet v1.4.8.777 (210e4c2-dirty)
2018-Jul-19 11:39:34.055814 INFO    [BlockchainSynchronizer] Consumer added, consumer 0x020d7e70, count 1
2018-Jul-19 11:39:34.056383 INFO    [BlockchainSynchronizer] Starting...
2018-Jul-19 11:39:34.057299 DEBUG   [BlockchainSynchronizer] Working thread started
2018-Jul-19 11:39:34.057757 INFO    [BlockchainSynchronizer] Removing outdated pool transactions...
2018-Jul-19 11:39:34.057877 INFO    [BlockchainSynchronizer] Stopping...
2018-Jul-19 11:39:34.058140 DEBUG   [BlockchainSynchronizer] Pool union size 0, intersection size 0
2018-Jul-19 11:39:34.058875 DEBUG   [BlockchainSynchronizer] Outdated pool transactions received, 0:{}
2018-Jul-19 11:39:34.058959 INFO    [BlockchainSynchronizer] Outdated pool transactions processed
2018-Jul-19 11:39:34.059036 DEBUG   [BlockchainSynchronizer] Working thread stopped
2018-Jul-19 11:39:34.059207 INFO    [BlockchainSynchronizer] Stopped
2018-Jul-19 11:39:34.059289 INFO    [BlockchainSynchronizer] Saving...
2018-Jul-19 11:39:34.059365 INFO    [BlockchainSynchronizer] Saved
2018-Jul-19 11:39:34.085453 INFO    [BlockchainSynchronizer] Starting...
2018-Jul-19 11:39:34.085672 DEBUG   [BlockchainSynchronizer] Working thread started
2018-Jul-19 11:39:34.085776 INFO    [BlockchainSynchronizer] Removing outdated pool transactions...
2018-Jul-19 11:39:34.085857 DEBUG   [BlockchainSynchronizer] Pool union size 0, intersection size 0
2018-Jul-19 11:39:34.085778 INFO    [simplewallet] Generated new wallet: 5Jk1XPe1MN41Q8gxtCJyyUSUNxj8zH6WWcs2PwRR6qyiJyQgMGPhNgkgFhoPzveN5z85oKWx5kZTvfdUMuf15szJHJ4KM3A
2018-Jul-19 11:39:34.085778 INFO    [simplewallet] view key: 7482dd462121fb5d35be152de294f21354004244395714a657c98d872a75d305
2018-Jul-19 11:39:34.086182 DEBUG   [BlockchainSynchronizer] Outdated pool transactions received, 0:{}
2018-Jul-19 11:39:34.086503 INFO    [BlockchainSynchronizer] Outdated pool transactions processed
2018-Jul-19 11:39:34.086608 DEBUG   [BlockchainSynchronizer] Starting blockchain synchronization...
2018-Jul-19 11:39:34.086712 DEBUG   [BlockchainSynchronizer] Shortest chain size 1
2018-Jul-19 11:39:34.086820 DEBUG   [BlockchainSynchronizer] Common history: start block index 0, sparse chain size 1
2018-Jul-19 11:39:34.087137 INFO    [simplewallet] **********************************************************************
Your wallet has been generated.
Use "help" command to see the list of available commands.
Always use "exit" command when closing simplewallet to save
current session's state. Otherwise, you will possibly need to synchronize 
your wallet again. Your wallet key is NOT under risk anyway.
**********************************************************************
2018-Jul-19 11:39:34.087253 ERROR   [BlockchainSynchronizer] Failed to query blocks: NodeErrorCategory:5, Internal node error
2018-Jul-19 11:39:34.087785 INFO    [simplewallet] **********************************************************************
2018-Jul-19 11:39:34.087922 DEBUG   [BlockchainSynchronizer] Idle
2018-Jul-19 11:40:39.910064 INFO    [simplewallet] Mining started in daemon
2018-Jul-19 11:40:44.076375 DEBUG   [BlockchainSynchronizer] Event: localBlockchainUpdated 3
2018-Jul-19 11:40:44.076529 DEBUG   [BlockchainSynchronizer] Resume
2018-Jul-19 11:40:44.076620 DEBUG   [BlockchainSynchronizer] Starting blockchain synchronization...
2018-Jul-19 11:40:44.076631 DEBUG   [BlockchainSynchronizer] Event: lastKnownBlockHeightUpdated 3
2018-Jul-19 11:40:44.076738 DEBUG   [BlockchainSynchronizer] Shortest chain size 1
2018-Jul-19 11:40:44.076910 DEBUG   [BlockchainSynchronizer] Common history: start block index 0, sparse chain size 1
2018-Jul-19 11:40:44.077179 ERROR   [BlockchainSynchronizer] Failed to query blocks: NodeErrorCategory:5, Internal node error
2018-Jul-19 11:40:44.077342 DEBUG   [BlockchainSynchronizer] Idle
2018-Jul-19 11:41:34.080228 DEBUG   [BlockchainSynchronizer] Event: localBlockchainUpdated 4
2018-Jul-19 11:41:34.080361 DEBUG   [BlockchainSynchronizer] Resume
2018-Jul-19 11:41:34.080465 DEBUG   [BlockchainSynchronizer] Event: lastKnownBlockHeightUpdated 4
2018-Jul-19 11:41:34.080468 DEBUG   [BlockchainSynchronizer] Starting blockchain synchronization...
2018-Jul-19 11:41:34.080686 DEBUG   [BlockchainSynchronizer] Shortest chain size 1
2018-Jul-19 11:41:34.080757 DEBUG   [BlockchainSynchronizer] Common history: start block index 0, sparse chain size 1
2018-Jul-19 11:41:34.080970 ERROR   [BlockchainSynchronizer] Failed to query blocks: NodeErrorCategory:5, Internal node error
2018-Jul-19 11:41:34.081112 DEBUG   [BlockchainSynchronizer] Idle
2018-Jul-19 11:41:59.082221 DEBUG   [BlockchainSynchronizer] Event: localBlockchainUpdated 5
2018-Jul-19 11:41:59.082342 DEBUG   [BlockchainSynchronizer] Resume
2018-Jul-19 11:41:59.082443 DEBUG   [BlockchainSynchronizer] Event: lastKnownBlockHeightUpdated 5
2018-Jul-19 11:41:59.082448 DEBUG   [BlockchainSynchronizer] Starting blockchain synchronization...
2018-Jul-19 11:41:59.082692 DEBUG   [BlockchainSynchronizer] Shortest chain size 1
2018-Jul-19 11:41:59.082792 DEBUG   [BlockchainSynchronizer] Common history: start block index 0, sparse chain size 1
2018-Jul-19 11:41:59.083163 ERROR   [BlockchainSynchronizer] Failed to query blocks: NodeErrorCategory:5, Internal node error
2018-Jul-19 11:41:59.083269 DEBUG   [BlockchainSynchronizer] Idle
2018-Jul-19 11:42:04.082841 DEBUG   [BlockchainSynchronizer] Event: localBlockchainUpdated 6
2018-Jul-19 11:42:04.082978 DEBUG   [BlockchainSynchronizer] Resume
2018-Jul-19 11:42:04.083079 DEBUG   [BlockchainSynchronizer] Starting blockchain synchronization...
2018-Jul-19 11:42:04.083098 DEBUG   [BlockchainSynchronizer] Event: lastKnownBlockHeightUpdated 6
2018-Jul-19 11:42:04.083220 DEBUG   [BlockchainSynchronizer] Shortest chain size 1
2018-Jul-19 11:42:04.083401 DEBUG   [BlockchainSynchronizer] Common history: start block index 0, sparse chain size 1
2018-Jul-19 11:42:04.083653 ERROR   [BlockchainSynchronizer] Failed to query blocks: NodeErrorCategory:5, Internal node error
2018-Jul-19 11:42:04.083775 DEBUG   [BlockchainSynchronizer] Idle
2018-Jul-19 11:42:24.084667 DEBUG   [BlockchainSynchronizer] Event: localBlockchainUpdated 7
2018-Jul-19 11:42:24.084801 DEBUG   [BlockchainSynchronizer] Resume
2018-Jul-19 11:42:24.084874 DEBUG   [BlockchainSynchronizer] Starting blockchain synchronization...
2018-Jul-19 11:42:24.084915 DEBUG   [BlockchainSynchronizer] Event: lastKnownBlockHeightUpdated 7
2018-Jul-19 11:42:24.084965 DEBUG   [BlockchainSynchronizer] Shortest chain size 1
2018-Jul-19 11:42:24.085113 DEBUG   [BlockchainSynchronizer] Common history: start block index 0, sparse chain size 1
2018-Jul-19 11:42:24.085356 ERROR   [BlockchainSynchronizer] Failed to query blocks: NodeErrorCategory:5, Internal node error
2018-Jul-19 11:42:24.085494 DEBUG   [BlockchainSynchronizer] Idle
2018-Jul-19 11:42:29.085400 DEBUG   [BlockchainSynchronizer] Event: localBlockchainUpdated 8
2018-Jul-19 11:42:29.085512 DEBUG   [BlockchainSynchronizer] Resume
2018-Jul-19 11:42:29.085586 DEBUG   [BlockchainSynchronizer] Starting blockchain synchronization...
2018-Jul-19 11:42:29.085678 DEBUG   [BlockchainSynchronizer] Shortest chain size 1
2018-Jul-19 11:42:29.085708 DEBUG   [BlockchainSynchronizer] Event: lastKnownBlockHeightUpdated 8
2018-Jul-19 11:42:29.085753 DEBUG   [BlockchainSynchronizer] Common history: start block index 0, sparse chain size 1
2018-Jul-19 11:42:29.086086 ERROR   [BlockchainSynchronizer] Failed to query blocks: NodeErrorCategory:5, Internal node error
2018-Jul-19 11:42:29.086181 DEBUG   [BlockchainSynchronizer] Idle
2018-Jul-19 11:42:44.086880 DEBUG   [BlockchainSynchronizer] Event: localBlockchainUpdated 9
2018-Jul-19 11:42:44.087017 DEBUG   [BlockchainSynchronizer] Resume
2018-Jul-19 11:42:44.087080 DEBUG   [BlockchainSynchronizer] Starting blockchain synchronization...
2018-Jul-19 11:42:44.087132 DEBUG   [BlockchainSynchronizer] Shortest chain size 1
2018-Jul-19 11:42:44.087175 DEBUG   [BlockchainSynchronizer] Common history: start block index 0, sparse chain size 1
2018-Jul-19 11:42:44.087384 DEBUG   [BlockchainSynchronizer] Event: lastKnownBlockHeightUpdated 9
2018-Jul-19 11:42:44.088289 ERROR   [BlockchainSynchronizer] Failed to query blocks: NodeErrorCategory:5, Internal node error
2018-Jul-19 11:42:44.088389 DEBUG   [BlockchainSynchronizer] Idle
2018-Jul-19 11:43:19.061943 INFO    [BlockchainSynchronizer] Stopping...
2018-Jul-19 11:43:19.062047 DEBUG   [BlockchainSynchronizer] Resume
2018-Jul-19 11:43:19.062126 DEBUG   [BlockchainSynchronizer] Working thread stopped
2018-Jul-19 11:43:19.062215 INFO    [BlockchainSynchronizer] Stopped
2018-Jul-19 11:43:19.062282 INFO    [BlockchainSynchronizer] Saving...
2018-Jul-19 11:43:19.062340 INFO    [BlockchainSynchronizer] Saved
2018-Jul-19 11:43:19.108052 INFO    [BlockchainSynchronizer] Starting...
2018-Jul-19 11:43:19.108171 DEBUG   [BlockchainSynchronizer] Working thread started
2018-Jul-19 11:43:19.108231 INFO    [BlockchainSynchronizer] Stopping...
2018-Jul-19 11:43:19.108297 DEBUG   [BlockchainSynchronizer] Working thread stopped
2018-Jul-19 11:43:19.108348 INFO    [BlockchainSynchronizer] Stopped
2018-Jul-19 11:43:19.108494 INFO    [BlockchainSynchronizer] Consumer removed, consumer 0x020d7e70, count 0
2018-Jul-19 11:43:19.108597 INFO    [simplewallet] Wallet closed
2018-Jul-19 11:43:19.108671 INFO    [BlockchainSynchronizer] Stopping...
2018-Jul-19 11:43:19.108737 INFO    [BlockchainSynchronizer] Stopped
2018-Jul-19 11:43:19.108800 INFO    [BlockchainSynchronizer] Stopping...
2018-Jul-19 11:43:19.108867 INFO    [BlockchainSynchronizer] Stopped
2018-Jul-19 11:43:19.108930 INFO    [BlockchainSynchronizer] Stopping...
2018-Jul-19 11:43:19.108995 INFO    [BlockchainSynchronizer] Stopped
2018-Jul-19 11:43:28.409809 INFO    [simplewallet] jyocoin wallet v1.4.8.777 (210e4c2-dirty)
2018-Jul-19 11:43:44.299775 INFO    [simplewallet] Loading wallet...
2018-Jul-19 11:43:44.344782 INFO    [BlockchainSynchronizer] Consumer added, consumer 0x7fadb40008c0, count 1
2018-Jul-19 11:43:44.344943 INFO    [BlockchainSynchronizer] Loading...
2018-Jul-19 11:43:44.345010 INFO    [BlockchainSynchronizer] Loaded
2018-Jul-19 11:43:44.345082 DEBUG   [TransfersContainer] Repair finished
2018-Jul-19 11:43:44.345153 INFO    [BlockchainSynchronizer] Starting...
2018-Jul-19 11:43:44.345352 DEBUG   [BlockchainSynchronizer] Working thread started
2018-Jul-19 11:43:44.345377 INFO    [simplewallet] Opened wallet: 5Jk1XPe1MN41Q8gxtCJyyUSUNxj8zH6WWcs2PwRR6qyiJyQgMGPhNgkgFhoPzveN5z85oKWx5kZTvfdUMuf15szJHJ4KM3A
2018-Jul-19 11:43:44.345435 INFO    [BlockchainSynchronizer] Removing outdated pool transactions...
2018-Jul-19 11:43:44.345586 INFO    [simplewallet] **********************************************************************
Use "help" command to see the list of available commands.
**********************************************************************
2018-Jul-19 11:43:44.345678 DEBUG   [BlockchainSynchronizer] Pool union size 0, intersection size 0
2018-Jul-19 11:43:44.346104 DEBUG   [BlockchainSynchronizer] Outdated pool transactions received, 0:{}
2018-Jul-19 11:43:44.346198 INFO    [BlockchainSynchronizer] Outdated pool transactions processed
2018-Jul-19 11:43:44.346275 DEBUG   [BlockchainSynchronizer] Starting blockchain synchronization...
2018-Jul-19 11:43:44.346351 DEBUG   [BlockchainSynchronizer] Shortest chain size 1
2018-Jul-19 11:43:44.346416 DEBUG   [BlockchainSynchronizer] Common history: start block index 0, sparse chain size 1
2018-Jul-19 11:43:44.346717 ERROR   [BlockchainSynchronizer] Failed to query blocks: NodeErrorCategory:5, Internal node error
2018-Jul-19 11:43:44.346832 DEBUG   [BlockchainSynchronizer] Idle
2018-Jul-19 11:43:52.845497 ERROR   [simplewallet] Error: mining has NOT been started: Failed,miningnotstarted
2018-Jul-19 11:44:34.304719 ERROR   [simplewallet] Error: wallet failed to connect to daemon (http://localhost:45216).
